Build started 23/11/2017 8:06:47 PM.
     1>Project "C:\Users\Yung\Documents\GitHub\openGL-2D\2D Project\2D Project.vcxproj" on node 2 (build target(s)).
     1>InitializeBuildStatus:
         Creating "Debug\2D Project.unsuccessfulbuild" because "AlwaysCreate" was specified.
       ClCompile:
         C:\Program Files (x86)\Microsoft Visual Studio 10.0\VC\bin\CL.exe /c /I"C:\Program Files\Common Files\MSVC\freeglut\include" /ZI /nologo /W3 /WX- /Od /Oy- /D _MBCS /Gm /EHsc /RTC1 /MDd /GS /fp:precise /Zc:wchar_t /Zc:forScope /Fo"Debug\\" /Fd"Debug\vc100.pdb" /Gd /TP /analyze- /errorReport:prompt main.cpp
         main.cpp
     1>c:\users\yung\documents\github\opengl-2d\2d project\main.cpp(22): warning C4244: 'argument' : conversion from 'double' to 'GLfloat', possible loss of data
     1>c:\users\yung\documents\github\opengl-2d\2d project\main.cpp(22): warning C4244: 'argument' : conversion from 'double' to 'GLfloat', possible loss of data
     1>c:\users\yung\documents\github\opengl-2d\2d project\main.cpp(23): warning C4244: 'argument' : conversion from 'double' to 'GLfloat', possible loss of data
     1>c:\users\yung\documents\github\opengl-2d\2d project\main.cpp(23): warning C4244: 'argument' : conversion from 'double' to 'GLfloat', possible loss of data
     1>c:\users\yung\documents\github\opengl-2d\2d project\main.cpp(24): warning C4244: 'argument' : conversion from 'double' to 'GLfloat', possible loss of data
     1>c:\users\yung\documents\github\opengl-2d\2d project\main.cpp(24): warning C4244: 'argument' : conversion from 'double' to 'GLfloat', possible loss of data
     1>c:\users\yung\documents\github\opengl-2d\2d project\main.cpp(25): warning C4244: 'argument' : conversion from 'double' to 'GLfloat', possible loss of data
     1>c:\users\yung\documents\github\opengl-2d\2d project\main.cpp(25): warning C4244: 'argument' : conversion from 'double' to 'GLfloat', possible loss of data
     1>c:\users\yung\documents\github\opengl-2d\2d project\main.cpp(39): warning C4244: 'argument' : conversion from 'double' to 'GLfloat', possible loss of data
     1>c:\users\yung\documents\github\opengl-2d\2d project\main.cpp(39): warning C4244: 'argument' : conversion from 'double' to 'GLfloat', possible loss of data
     1>c:\users\yung\documents\github\opengl-2d\2d project\main.cpp(48): warning C4244: 'argument' : conversion from 'double' to 'GLfloat', possible loss of data
     1>c:\users\yung\documents\github\opengl-2d\2d project\main.cpp(48): warning C4244: 'argument' : conversion from 'double' to 'GLfloat', possible loss of data
     1>c:\users\yung\documents\github\opengl-2d\2d project\main.cpp(57): warning C4244: 'argument' : conversion from 'double' to 'GLfloat', possible loss of data
     1>c:\users\yung\documents\github\opengl-2d\2d project\main.cpp(57): warning C4244: 'argument' : conversion from 'double' to 'GLfloat', possible loss of data
     1>c:\users\yung\documents\github\opengl-2d\2d project\main.cpp(301): warning C4244: 'argument' : conversion from 'double' to 'GLint', possible loss of data
     1>c:\users\yung\documents\github\opengl-2d\2d project\main.cpp(301): warning C4244: 'argument' : conversion from 'double' to 'GLint', possible loss of data
     1>c:\users\yung\documents\github\opengl-2d\2d project\main.cpp(302): warning C4244: 'argument' : conversion from 'double' to 'GLint', possible loss of data
     1>c:\users\yung\documents\github\opengl-2d\2d project\main.cpp(302): warning C4244: 'argument' : conversion from 'double' to 'GLint', possible loss of data
     1>c:\users\yung\documents\github\opengl-2d\2d project\main.cpp(303): warning C4244: 'argument' : conversion from 'double' to 'GLint', possible loss of data
     1>c:\users\yung\documents\github\opengl-2d\2d project\main.cpp(303): warning C4244: 'argument' : conversion from 'double' to 'GLint', possible loss of data
     1>c:\users\yung\documents\github\opengl-2d\2d project\main.cpp(304): warning C4244: 'argument' : conversion from 'double' to 'GLint', possible loss of data
     1>c:\users\yung\documents\github\opengl-2d\2d project\main.cpp(304): warning C4244: 'argument' : conversion from 'double' to 'GLint', possible loss of data
     1>c:\users\yung\documents\github\opengl-2d\2d project\main.cpp(631): warning C4244: 'argument' : conversion from 'double' to 'GLfloat', possible loss of data
     1>c:\users\yung\documents\github\opengl-2d\2d project\main.cpp(631): warning C4244: 'argument' : conversion from 'double' to 'GLfloat', possible loss of data
     1>c:\users\yung\documents\github\opengl-2d\2d project\main.cpp(632): warning C4244: 'argument' : conversion from 'double' to 'GLfloat', possible loss of data
     1>c:\users\yung\documents\github\opengl-2d\2d project\main.cpp(632): warning C4244: 'argument' : conversion from 'double' to 'GLfloat', possible loss of data
     1>c:\users\yung\documents\github\opengl-2d\2d project\main.cpp(633): warning C4244: 'argument' : conversion from 'double' to 'GLfloat', possible loss of data
     1>c:\users\yung\documents\github\opengl-2d\2d project\main.cpp(633): warning C4244: 'argument' : conversion from 'double' to 'GLfloat', possible loss of data
     1>c:\users\yung\documents\github\opengl-2d\2d project\main.cpp(635): warning C4244: 'argument' : conversion from 'double' to 'GLfloat', possible loss of data
     1>c:\users\yung\documents\github\opengl-2d\2d project\main.cpp(635): warning C4244: 'argument' : conversion from 'double' to 'GLfloat', possible loss of data
     1>c:\users\yung\documents\github\opengl-2d\2d project\main.cpp(636): warning C4244: 'argument' : conversion from 'double' to 'GLfloat', possible loss of data
     1>c:\users\yung\documents\github\opengl-2d\2d project\main.cpp(636): warning C4244: 'argument' : conversion from 'double' to 'GLfloat', possible loss of data
     1>c:\users\yung\documents\github\opengl-2d\2d project\main.cpp(637): warning C4244: 'argument' : conversion from 'double' to 'GLfloat', possible loss of data
     1>c:\users\yung\documents\github\opengl-2d\2d project\main.cpp(637): warning C4244: 'argument' : conversion from 'double' to 'GLfloat', possible loss of data
     1>c:\users\yung\documents\github\opengl-2d\2d project\main.cpp(638): warning C4244: 'argument' : conversion from 'double' to 'GLfloat', possible loss of data
     1>c:\users\yung\documents\github\opengl-2d\2d project\main.cpp(638): warning C4244: 'argument' : conversion from 'double' to 'GLfloat', possible loss of data
     1>c:\users\yung\documents\github\opengl-2d\2d project\main.cpp(656): warning C4244: 'argument' : conversion from 'double' to 'GLfloat', possible loss of data
     1>c:\users\yung\documents\github\opengl-2d\2d project\main.cpp(656): warning C4244: 'argument' : conversion from 'double' to 'GLfloat', possible loss of data
     1>c:\users\yung\documents\github\opengl-2d\2d project\main.cpp(657): warning C4244: 'argument' : conversion from 'double' to 'GLfloat', possible loss of data
     1>c:\users\yung\documents\github\opengl-2d\2d project\main.cpp(657): warning C4244: 'argument' : conversion from 'double' to 'GLfloat', possible loss of data
     1>c:\users\yung\documents\github\opengl-2d\2d project\main.cpp(658): warning C4244: 'argument' : conversion from 'double' to 'GLfloat', possible loss of data
     1>c:\users\yung\documents\github\opengl-2d\2d project\main.cpp(658): warning C4244: 'argument' : conversion from 'double' to 'GLfloat', possible loss of data
     1>c:\users\yung\documents\github\opengl-2d\2d project\main.cpp(659): warning C4244: 'argument' : conversion from 'double' to 'GLfloat', possible loss of data
     1>c:\users\yung\documents\github\opengl-2d\2d project\main.cpp(659): warning C4244: 'argument' : conversion from 'double' to 'GLfloat', possible loss of data
     1>c:\users\yung\documents\github\opengl-2d\2d project\main.cpp(660): warning C4244: 'argument' : conversion from 'double' to 'GLfloat', possible loss of data
     1>c:\users\yung\documents\github\opengl-2d\2d project\main.cpp(660): warning C4244: 'argument' : conversion from 'double' to 'GLfloat', possible loss of data
     1>c:\users\yung\documents\github\opengl-2d\2d project\main.cpp(665): warning C4244: 'argument' : conversion from 'double' to 'GLfloat', possible loss of data
     1>c:\users\yung\documents\github\opengl-2d\2d project\main.cpp(665): warning C4244: 'argument' : conversion from 'double' to 'GLfloat', possible loss of data
     1>c:\users\yung\documents\github\opengl-2d\2d project\main.cpp(666): warning C4244: 'argument' : conversion from 'double' to 'GLfloat', possible loss of data
     1>c:\users\yung\documents\github\opengl-2d\2d project\main.cpp(666): warning C4244: 'argument' : conversion from 'double' to 'GLfloat', possible loss of data
     1>c:\users\yung\documents\github\opengl-2d\2d project\main.cpp(667): warning C4244: 'argument' : conversion from 'double' to 'GLfloat', possible loss of data
     1>c:\users\yung\documents\github\opengl-2d\2d project\main.cpp(667): warning C4244: 'argument' : conversion from 'double' to 'GLfloat', possible loss of data
     1>c:\users\yung\documents\github\opengl-2d\2d project\main.cpp(668): warning C4244: 'argument' : conversion from 'double' to 'GLfloat', possible loss of data
     1>c:\users\yung\documents\github\opengl-2d\2d project\main.cpp(668): warning C4244: 'argument' : conversion from 'double' to 'GLfloat', possible loss of data
     1>c:\users\yung\documents\github\opengl-2d\2d project\main.cpp(669): warning C4244: 'argument' : conversion from 'double' to 'GLfloat', possible loss of data
     1>c:\users\yung\documents\github\opengl-2d\2d project\main.cpp(669): warning C4244: 'argument' : conversion from 'double' to 'GLfloat', possible loss of data
     1>c:\users\yung\documents\github\opengl-2d\2d project\main.cpp(674): warning C4244: 'argument' : conversion from 'double' to 'GLfloat', possible loss of data
     1>c:\users\yung\documents\github\opengl-2d\2d project\main.cpp(674): warning C4244: 'argument' : conversion from 'double' to 'GLfloat', possible loss of data
     1>c:\users\yung\documents\github\opengl-2d\2d project\main.cpp(675): warning C4244: 'argument' : conversion from 'double' to 'GLfloat', possible loss of data
     1>c:\users\yung\documents\github\opengl-2d\2d project\main.cpp(675): warning C4244: 'argument' : conversion from 'double' to 'GLfloat', possible loss of data
     1>c:\users\yung\documents\github\opengl-2d\2d project\main.cpp(676): warning C4244: 'argument' : conversion from 'double' to 'GLfloat', possible loss of data
     1>c:\users\yung\documents\github\opengl-2d\2d project\main.cpp(676): warning C4244: 'argument' : conversion from 'double' to 'GLfloat', possible loss of data
     1>c:\users\yung\documents\github\opengl-2d\2d project\main.cpp(677): warning C4244: 'argument' : conversion from 'double' to 'GLfloat', possible loss of data
     1>c:\users\yung\documents\github\opengl-2d\2d project\main.cpp(677): warning C4244: 'argument' : conversion from 'double' to 'GLfloat', possible loss of data
     1>c:\users\yung\documents\github\opengl-2d\2d project\main.cpp(678): warning C4244: 'argument' : conversion from 'double' to 'GLfloat', possible loss of data
     1>c:\users\yung\documents\github\opengl-2d\2d project\main.cpp(678): warning C4244: 'argument' : conversion from 'double' to 'GLfloat', possible loss of data
     1>c:\users\yung\documents\github\opengl-2d\2d project\main.cpp(683): warning C4244: 'argument' : conversion from 'double' to 'GLfloat', possible loss of data
     1>c:\users\yung\documents\github\opengl-2d\2d project\main.cpp(683): warning C4244: 'argument' : conversion from 'double' to 'GLfloat', possible loss of data
     1>c:\users\yung\documents\github\opengl-2d\2d project\main.cpp(684): warning C4244: 'argument' : conversion from 'double' to 'GLfloat', possible loss of data
     1>c:\users\yung\documents\github\opengl-2d\2d project\main.cpp(684): warning C4244: 'argument' : conversion from 'double' to 'GLfloat', possible loss of data
     1>c:\users\yung\documents\github\opengl-2d\2d project\main.cpp(685): warning C4244: 'argument' : conversion from 'double' to 'GLfloat', possible loss of data
     1>c:\users\yung\documents\github\opengl-2d\2d project\main.cpp(685): warning C4244: 'argument' : conversion from 'double' to 'GLfloat', possible loss of data
     1>c:\users\yung\documents\github\opengl-2d\2d project\main.cpp(686): warning C4244: 'argument' : conversion from 'double' to 'GLfloat', possible loss of data
     1>c:\users\yung\documents\github\opengl-2d\2d project\main.cpp(686): warning C4244: 'argument' : conversion from 'double' to 'GLfloat', possible loss of data
     1>c:\users\yung\documents\github\opengl-2d\2d project\main.cpp(694): warning C4244: 'argument' : conversion from 'double' to 'GLfloat', possible loss of data
     1>c:\users\yung\documents\github\opengl-2d\2d project\main.cpp(694): warning C4244: 'argument' : conversion from 'double' to 'GLfloat', possible loss of data
     1>c:\users\yung\documents\github\opengl-2d\2d project\main.cpp(695): warning C4244: 'argument' : conversion from 'double' to 'GLfloat', possible loss of data
     1>c:\users\yung\documents\github\opengl-2d\2d project\main.cpp(695): warning C4244: 'argument' : conversion from 'double' to 'GLfloat', possible loss of data
     1>c:\users\yung\documents\github\opengl-2d\2d project\main.cpp(696): warning C4244: 'argument' : conversion from 'double' to 'GLfloat', possible loss of data
     1>c:\users\yung\documents\github\opengl-2d\2d project\main.cpp(696): warning C4244: 'argument' : conversion from 'double' to 'GLfloat', possible loss of data
     1>c:\users\yung\documents\github\opengl-2d\2d project\main.cpp(697): warning C4244: 'argument' : conversion from 'double' to 'GLfloat', possible loss of data
     1>c:\users\yung\documents\github\opengl-2d\2d project\main.cpp(697): warning C4244: 'argument' : conversion from 'double' to 'GLfloat', possible loss of data
     1>c:\users\yung\documents\github\opengl-2d\2d project\main.cpp(719): warning C4244: 'argument' : conversion from 'double' to 'int', possible loss of data
     1>c:\users\yung\documents\github\opengl-2d\2d project\main.cpp(719): warning C4244: 'argument' : conversion from 'double' to 'int', possible loss of data
     1>c:\users\yung\documents\github\opengl-2d\2d project\main.cpp(719): warning C4244: 'argument' : conversion from 'double' to 'int', possible loss of data
     1>c:\users\yung\documents\github\opengl-2d\2d project\main.cpp(719): warning C4244: 'argument' : conversion from 'double' to 'int', possible loss of data
     1>c:\users\yung\documents\github\opengl-2d\2d project\main.cpp(729): warning C4244: 'argument' : conversion from 'double' to 'GLfloat', possible loss of data
     1>c:\users\yung\documents\github\opengl-2d\2d project\main.cpp(729): warning C4244: 'argument' : conversion from 'double' to 'GLfloat', possible loss of data
     1>c:\users\yung\documents\github\opengl-2d\2d project\main.cpp(730): warning C4244: 'argument' : conversion from 'double' to 'GLfloat', possible loss of data
     1>c:\users\yung\documents\github\opengl-2d\2d project\main.cpp(730): warning C4244: 'argument' : conversion from 'double' to 'GLfloat', possible loss of data
     1>c:\users\yung\documents\github\opengl-2d\2d project\main.cpp(731): warning C4244: 'argument' : conversion from 'double' to 'GLfloat', possible loss of data
     1>c:\users\yung\documents\github\opengl-2d\2d project\main.cpp(731): warning C4244: 'argument' : conversion from 'double' to 'GLfloat', possible loss of data
     1>c:\users\yung\documents\github\opengl-2d\2d project\main.cpp(732): warning C4244: 'argument' : conversion from 'double' to 'GLfloat', possible loss of data
     1>c:\users\yung\documents\github\opengl-2d\2d project\main.cpp(732): warning C4244: 'argument' : conversion from 'double' to 'GLfloat', possible loss of data
     1>c:\users\yung\documents\github\opengl-2d\2d project\main.cpp(733): warning C4244: 'argument' : conversion from 'double' to 'GLfloat', possible loss of data
     1>c:\users\yung\documents\github\opengl-2d\2d project\main.cpp(733): warning C4244: 'argument' : conversion from 'double' to 'GLfloat', possible loss of data
     1>c:\users\yung\documents\github\opengl-2d\2d project\main.cpp(738): warning C4244: 'argument' : conversion from 'double' to 'GLfloat', possible loss of data
     1>c:\users\yung\documents\github\opengl-2d\2d project\main.cpp(738): warning C4244: 'argument' : conversion from 'double' to 'GLfloat', possible loss of data
     1>c:\users\yung\documents\github\opengl-2d\2d project\main.cpp(739): warning C4244: 'argument' : conversion from 'double' to 'GLfloat', possible loss of data
     1>c:\users\yung\documents\github\opengl-2d\2d project\main.cpp(739): warning C4244: 'argument' : conversion from 'double' to 'GLfloat', possible loss of data
     1>c:\users\yung\documents\github\opengl-2d\2d project\main.cpp(740): warning C4244: 'argument' : conversion from 'double' to 'GLfloat', possible loss of data
     1>c:\users\yung\documents\github\opengl-2d\2d project\main.cpp(740): warning C4244: 'argument' : conversion from 'double' to 'GLfloat', possible loss of data
     1>c:\users\yung\documents\github\opengl-2d\2d project\main.cpp(741): warning C4244: 'argument' : conversion from 'double' to 'GLfloat', possible loss of data
     1>c:\users\yung\documents\github\opengl-2d\2d project\main.cpp(741): warning C4244: 'argument' : conversion from 'double' to 'GLfloat', possible loss of data
     1>c:\users\yung\documents\github\opengl-2d\2d project\main.cpp(742): warning C4244: 'argument' : conversion from 'double' to 'GLfloat', possible loss of data
     1>c:\users\yung\documents\github\opengl-2d\2d project\main.cpp(742): warning C4244: 'argument' : conversion from 'double' to 'GLfloat', possible loss of data
     1>c:\users\yung\documents\github\opengl-2d\2d project\main.cpp(747): warning C4244: 'argument' : conversion from 'double' to 'GLfloat', possible loss of data
     1>c:\users\yung\documents\github\opengl-2d\2d project\main.cpp(747): warning C4244: 'argument' : conversion from 'double' to 'GLfloat', possible loss of data
     1>c:\users\yung\documents\github\opengl-2d\2d project\main.cpp(748): warning C4244: 'argument' : conversion from 'double' to 'GLfloat', possible loss of data
     1>c:\users\yung\documents\github\opengl-2d\2d project\main.cpp(748): warning C4244: 'argument' : conversion from 'double' to 'GLfloat', possible loss of data
     1>c:\users\yung\documents\github\opengl-2d\2d project\main.cpp(749): warning C4244: 'argument' : conversion from 'double' to 'GLfloat', possible loss of data
     1>c:\users\yung\documents\github\opengl-2d\2d project\main.cpp(749): warning C4244: 'argument' : conversion from 'double' to 'GLfloat', possible loss of data
     1>c:\users\yung\documents\github\opengl-2d\2d project\main.cpp(750): warning C4244: 'argument' : conversion from 'double' to 'GLfloat', possible loss of data
     1>c:\users\yung\documents\github\opengl-2d\2d project\main.cpp(750): warning C4244: 'argument' : conversion from 'double' to 'GLfloat', possible loss of data
     1>c:\users\yung\documents\github\opengl-2d\2d project\main.cpp(751): warning C4244: 'argument' : conversion from 'double' to 'GLfloat', possible loss of data
     1>c:\users\yung\documents\github\opengl-2d\2d project\main.cpp(751): warning C4244: 'argument' : conversion from 'double' to 'GLfloat', possible loss of data
     1>c:\users\yung\documents\github\opengl-2d\2d project\main.cpp(756): warning C4244: 'argument' : conversion from 'double' to 'GLfloat', possible loss of data
     1>c:\users\yung\documents\github\opengl-2d\2d project\main.cpp(756): warning C4244: 'argument' : conversion from 'double' to 'GLfloat', possible loss of data
     1>c:\users\yung\documents\github\opengl-2d\2d project\main.cpp(757): warning C4244: 'argument' : conversion from 'double' to 'GLfloat', possible loss of data
     1>c:\users\yung\documents\github\opengl-2d\2d project\main.cpp(757): warning C4244: 'argument' : conversion from 'double' to 'GLfloat', possible loss of data
     1>c:\users\yung\documents\github\opengl-2d\2d project\main.cpp(758): warning C4244: 'argument' : conversion from 'double' to 'GLfloat', possible loss of data
     1>c:\users\yung\documents\github\opengl-2d\2d project\main.cpp(758): warning C4244: 'argument' : conversion from 'double' to 'GLfloat', possible loss of data
     1>c:\users\yung\documents\github\opengl-2d\2d project\main.cpp(759): warning C4244: 'argument' : conversion from 'double' to 'GLfloat', possible loss of data
     1>c:\users\yung\documents\github\opengl-2d\2d project\main.cpp(759): warning C4244: 'argument' : conversion from 'double' to 'GLfloat', possible loss of data
     1>c:\users\yung\documents\github\opengl-2d\2d project\main.cpp(767): warning C4244: 'argument' : conversion from 'double' to 'GLfloat', possible loss of data
     1>c:\users\yung\documents\github\opengl-2d\2d project\main.cpp(767): warning C4244: 'argument' : conversion from 'double' to 'GLfloat', possible loss of data
     1>c:\users\yung\documents\github\opengl-2d\2d project\main.cpp(768): warning C4244: 'argument' : conversion from 'double' to 'GLfloat', possible loss of data
     1>c:\users\yung\documents\github\opengl-2d\2d project\main.cpp(768): warning C4244: 'argument' : conversion from 'double' to 'GLfloat', possible loss of data
     1>c:\users\yung\documents\github\opengl-2d\2d project\main.cpp(769): warning C4244: 'argument' : conversion from 'double' to 'GLfloat', possible loss of data
     1>c:\users\yung\documents\github\opengl-2d\2d project\main.cpp(769): warning C4244: 'argument' : conversion from 'double' to 'GLfloat', possible loss of data
     1>c:\users\yung\documents\github\opengl-2d\2d project\main.cpp(770): warning C4244: 'argument' : conversion from 'double' to 'GLfloat', possible loss of data
     1>c:\users\yung\documents\github\opengl-2d\2d project\main.cpp(770): warning C4244: 'argument' : conversion from 'double' to 'GLfloat', possible loss of data
     1>c:\users\yung\documents\github\opengl-2d\2d project\main.cpp(792): warning C4244: 'argument' : conversion from 'double' to 'int', possible loss of data
     1>c:\users\yung\documents\github\opengl-2d\2d project\main.cpp(792): warning C4244: 'argument' : conversion from 'double' to 'int', possible loss of data
     1>c:\users\yung\documents\github\opengl-2d\2d project\main.cpp(792): warning C4244: 'argument' : conversion from 'double' to 'int', possible loss of data
     1>c:\users\yung\documents\github\opengl-2d\2d project\main.cpp(792): warning C4244: 'argument' : conversion from 'double' to 'int', possible loss of data
     1>c:\users\yung\documents\github\opengl-2d\2d project\main.cpp(802): warning C4244: 'argument' : conversion from 'double' to 'GLfloat', possible loss of data
     1>c:\users\yung\documents\github\opengl-2d\2d project\main.cpp(802): warning C4244: 'argument' : conversion from 'double' to 'GLfloat', possible loss of data
     1>c:\users\yung\documents\github\opengl-2d\2d project\main.cpp(803): warning C4244: 'argument' : conversion from 'double' to 'GLfloat', possible loss of data
     1>c:\users\yung\documents\github\opengl-2d\2d project\main.cpp(803): warning C4244: 'argument' : conversion from 'double' to 'GLfloat', possible loss of data
     1>c:\users\yung\documents\github\opengl-2d\2d project\main.cpp(804): warning C4244: 'argument' : conversion from 'double' to 'GLfloat', possible loss of data
     1>c:\users\yung\documents\github\opengl-2d\2d project\main.cpp(804): warning C4244: 'argument' : conversion from 'double' to 'GLfloat', possible loss of data
     1>c:\users\yung\documents\github\opengl-2d\2d project\main.cpp(805): warning C4244: 'argument' : conversion from 'double' to 'GLfloat', possible loss of data
     1>c:\users\yung\documents\github\opengl-2d\2d project\main.cpp(805): warning C4244: 'argument' : conversion from 'double' to 'GLfloat', possible loss of data
     1>c:\users\yung\documents\github\opengl-2d\2d project\main.cpp(806): warning C4244: 'argument' : conversion from 'double' to 'GLfloat', possible loss of data
     1>c:\users\yung\documents\github\opengl-2d\2d project\main.cpp(806): warning C4244: 'argument' : conversion from 'double' to 'GLfloat', possible loss of data
     1>c:\users\yung\documents\github\opengl-2d\2d project\main.cpp(811): warning C4244: 'argument' : conversion from 'double' to 'GLfloat', possible loss of data
     1>c:\users\yung\documents\github\opengl-2d\2d project\main.cpp(811): warning C4244: 'argument' : conversion from 'double' to 'GLfloat', possible loss of data
     1>c:\users\yung\documents\github\opengl-2d\2d project\main.cpp(812): warning C4244: 'argument' : conversion from 'double' to 'GLfloat', possible loss of data
     1>c:\users\yung\documents\github\opengl-2d\2d project\main.cpp(812): warning C4244: 'argument' : conversion from 'double' to 'GLfloat', possible loss of data
     1>c:\users\yung\documents\github\opengl-2d\2d project\main.cpp(813): warning C4244: 'argument' : conversion from 'double' to 'GLfloat', possible loss of data
     1>c:\users\yung\documents\github\opengl-2d\2d project\main.cpp(813): warning C4244: 'argument' : conversion from 'double' to 'GLfloat', possible loss of data
     1>c:\users\yung\documents\github\opengl-2d\2d project\main.cpp(814): warning C4244: 'argument' : conversion from 'double' to 'GLfloat', possible loss of data
     1>c:\users\yung\documents\github\opengl-2d\2d project\main.cpp(814): warning C4244: 'argument' : conversion from 'double' to 'GLfloat', possible loss of data
     1>c:\users\yung\documents\github\opengl-2d\2d project\main.cpp(815): warning C4244: 'argument' : conversion from 'double' to 'GLfloat', possible loss of data
     1>c:\users\yung\documents\github\opengl-2d\2d project\main.cpp(815): warning C4244: 'argument' : conversion from 'double' to 'GLfloat', possible loss of data
     1>c:\users\yung\documents\github\opengl-2d\2d project\main.cpp(820): warning C4244: 'argument' : conversion from 'double' to 'GLfloat', possible loss of data
     1>c:\users\yung\documents\github\opengl-2d\2d project\main.cpp(820): warning C4244: 'argument' : conversion from 'double' to 'GLfloat', possible loss of data
     1>c:\users\yung\documents\github\opengl-2d\2d project\main.cpp(821): warning C4244: 'argument' : conversion from 'double' to 'GLfloat', possible loss of data
     1>c:\users\yung\documents\github\opengl-2d\2d project\main.cpp(821): warning C4244: 'argument' : conversion from 'double' to 'GLfloat', possible loss of data
     1>c:\users\yung\documents\github\opengl-2d\2d project\main.cpp(822): warning C4244: 'argument' : conversion from 'double' to 'GLfloat', possible loss of data
     1>c:\users\yung\documents\github\opengl-2d\2d project\main.cpp(822): warning C4244: 'argument' : conversion from 'double' to 'GLfloat', possible loss of data
     1>c:\users\yung\documents\github\opengl-2d\2d project\main.cpp(823): warning C4244: 'argument' : conversion from 'double' to 'GLfloat', possible loss of data
     1>c:\users\yung\documents\github\opengl-2d\2d project\main.cpp(823): warning C4244: 'argument' : conversion from 'double' to 'GLfloat', possible loss of data
     1>c:\users\yung\documents\github\opengl-2d\2d project\main.cpp(824): warning C4244: 'argument' : conversion from 'double' to 'GLfloat', possible loss of data
     1>c:\users\yung\documents\github\opengl-2d\2d project\main.cpp(824): warning C4244: 'argument' : conversion from 'double' to 'GLfloat', possible loss of data
     1>c:\users\yung\documents\github\opengl-2d\2d project\main.cpp(829): warning C4244: 'argument' : conversion from 'double' to 'GLfloat', possible loss of data
     1>c:\users\yung\documents\github\opengl-2d\2d project\main.cpp(829): warning C4244: 'argument' : conversion from 'double' to 'GLfloat', possible loss of data
     1>c:\users\yung\documents\github\opengl-2d\2d project\main.cpp(830): warning C4244: 'argument' : conversion from 'double' to 'GLfloat', possible loss of data
     1>c:\users\yung\documents\github\opengl-2d\2d project\main.cpp(830): warning C4244: 'argument' : conversion from 'double' to 'GLfloat', possible loss of data
     1>c:\users\yung\documents\github\opengl-2d\2d project\main.cpp(831): warning C4244: 'argument' : conversion from 'double' to 'GLfloat', possible loss of data
     1>c:\users\yung\documents\github\opengl-2d\2d project\main.cpp(831): warning C4244: 'argument' : conversion from 'double' to 'GLfloat', possible loss of data
     1>c:\users\yung\documents\github\opengl-2d\2d project\main.cpp(832): warning C4244: 'argument' : conversion from 'double' to 'GLfloat', possible loss of data
     1>c:\users\yung\documents\github\opengl-2d\2d project\main.cpp(832): warning C4244: 'argument' : conversion from 'double' to 'GLfloat', possible loss of data
     1>c:\users\yung\documents\github\opengl-2d\2d project\main.cpp(840): warning C4244: 'argument' : conversion from 'double' to 'GLfloat', possible loss of data
     1>c:\users\yung\documents\github\opengl-2d\2d project\main.cpp(840): warning C4244: 'argument' : conversion from 'double' to 'GLfloat', possible loss of data
     1>c:\users\yung\documents\github\opengl-2d\2d project\main.cpp(841): warning C4244: 'argument' : conversion from 'double' to 'GLfloat', possible loss of data
     1>c:\users\yung\documents\github\opengl-2d\2d project\main.cpp(841): warning C4244: 'argument' : conversion from 'double' to 'GLfloat', possible loss of data
     1>c:\users\yung\documents\github\opengl-2d\2d project\main.cpp(842): warning C4244: 'argument' : conversion from 'double' to 'GLfloat', possible loss of data
     1>c:\users\yung\documents\github\opengl-2d\2d project\main.cpp(842): warning C4244: 'argument' : conversion from 'double' to 'GLfloat', possible loss of data
     1>c:\users\yung\documents\github\opengl-2d\2d project\main.cpp(843): warning C4244: 'argument' : conversion from 'double' to 'GLfloat', possible loss of data
     1>c:\users\yung\documents\github\opengl-2d\2d project\main.cpp(843): warning C4244: 'argument' : conversion from 'double' to 'GLfloat', possible loss of data
     1>c:\users\yung\documents\github\opengl-2d\2d project\main.cpp(865): warning C4244: 'argument' : conversion from 'double' to 'int', possible loss of data
     1>c:\users\yung\documents\github\opengl-2d\2d project\main.cpp(865): warning C4244: 'argument' : conversion from 'double' to 'int', possible loss of data
     1>c:\users\yung\documents\github\opengl-2d\2d project\main.cpp(865): warning C4244: 'argument' : conversion from 'double' to 'int', possible loss of data
     1>c:\users\yung\documents\github\opengl-2d\2d project\main.cpp(865): warning C4244: 'argument' : conversion from 'double' to 'int', possible loss of data
     1>c:\users\yung\documents\github\opengl-2d\2d project\main.cpp(875): warning C4244: 'argument' : conversion from 'double' to 'GLfloat', possible loss of data
     1>c:\users\yung\documents\github\opengl-2d\2d project\main.cpp(875): warning C4244: 'argument' : conversion from 'double' to 'GLfloat', possible loss of data
     1>c:\users\yung\documents\github\opengl-2d\2d project\main.cpp(876): warning C4244: 'argument' : conversion from 'double' to 'GLfloat', possible loss of data
     1>c:\users\yung\documents\github\opengl-2d\2d project\main.cpp(876): warning C4244: 'argument' : conversion from 'double' to 'GLfloat', possible loss of data
     1>c:\users\yung\documents\github\opengl-2d\2d project\main.cpp(877): warning C4244: 'argument' : conversion from 'double' to 'GLfloat', possible loss of data
     1>c:\users\yung\documents\github\opengl-2d\2d project\main.cpp(877): warning C4244: 'argument' : conversion from 'double' to 'GLfloat', possible loss of data
     1>c:\users\yung\documents\github\opengl-2d\2d project\main.cpp(878): warning C4244: 'argument' : conversion from 'double' to 'GLfloat', possible loss of data
     1>c:\users\yung\documents\github\opengl-2d\2d project\main.cpp(878): warning C4244: 'argument' : conversion from 'double' to 'GLfloat', possible loss of data
     1>c:\users\yung\documents\github\opengl-2d\2d project\main.cpp(879): warning C4244: 'argument' : conversion from 'double' to 'GLfloat', possible loss of data
     1>c:\users\yung\documents\github\opengl-2d\2d project\main.cpp(879): warning C4244: 'argument' : conversion from 'double' to 'GLfloat', possible loss of data
     1>c:\users\yung\documents\github\opengl-2d\2d project\main.cpp(884): warning C4244: 'argument' : conversion from 'double' to 'GLfloat', possible loss of data
     1>c:\users\yung\documents\github\opengl-2d\2d project\main.cpp(884): warning C4244: 'argument' : conversion from 'double' to 'GLfloat', possible loss of data
     1>c:\users\yung\documents\github\opengl-2d\2d project\main.cpp(885): warning C4244: 'argument' : conversion from 'double' to 'GLfloat', possible loss of data
     1>c:\users\yung\documents\github\opengl-2d\2d project\main.cpp(885): warning C4244: 'argument' : conversion from 'double' to 'GLfloat', possible loss of data
     1>c:\users\yung\documents\github\opengl-2d\2d project\main.cpp(886): warning C4244: 'argument' : conversion from 'double' to 'GLfloat', possible loss of data
     1>c:\users\yung\documents\github\opengl-2d\2d project\main.cpp(886): warning C4244: 'argument' : conversion from 'double' to 'GLfloat', possible loss of data
     1>c:\users\yung\documents\github\opengl-2d\2d project\main.cpp(887): warning C4244: 'argument' : conversion from 'double' to 'GLfloat', possible loss of data
     1>c:\users\yung\documents\github\opengl-2d\2d project\main.cpp(887): warning C4244: 'argument' : conversion from 'double' to 'GLfloat', possible loss of data
     1>c:\users\yung\documents\github\opengl-2d\2d project\main.cpp(888): warning C4244: 'argument' : conversion from 'double' to 'GLfloat', possible loss of data
     1>c:\users\yung\documents\github\opengl-2d\2d project\main.cpp(888): warning C4244: 'argument' : conversion from 'double' to 'GLfloat', possible loss of data
     1>c:\users\yung\documents\github\opengl-2d\2d project\main.cpp(893): warning C4244: 'argument' : conversion from 'double' to 'GLfloat', possible loss of data
     1>c:\users\yung\documents\github\opengl-2d\2d project\main.cpp(893): warning C4244: 'argument' : conversion from 'double' to 'GLfloat', possible loss of data
     1>c:\users\yung\documents\github\opengl-2d\2d project\main.cpp(894): warning C4244: 'argument' : conversion from 'double' to 'GLfloat', possible loss of data
     1>c:\users\yung\documents\github\opengl-2d\2d project\main.cpp(894): warning C4244: 'argument' : conversion from 'double' to 'GLfloat', possible loss of data
     1>c:\users\yung\documents\github\opengl-2d\2d project\main.cpp(895): warning C4244: 'argument' : conversion from 'double' to 'GLfloat', possible loss of data
     1>c:\users\yung\documents\github\opengl-2d\2d project\main.cpp(895): warning C4244: 'argument' : conversion from 'double' to 'GLfloat', possible loss of data
     1>c:\users\yung\documents\github\opengl-2d\2d project\main.cpp(896): warning C4244: 'argument' : conversion from 'double' to 'GLfloat', possible loss of data
     1>c:\users\yung\documents\github\opengl-2d\2d project\main.cpp(896): warning C4244: 'argument' : conversion from 'double' to 'GLfloat', possible loss of data
     1>c:\users\yung\documents\github\opengl-2d\2d project\main.cpp(897): warning C4244: 'argument' : conversion from 'double' to 'GLfloat', possible loss of data
     1>c:\users\yung\documents\github\opengl-2d\2d project\main.cpp(897): warning C4244: 'argument' : conversion from 'double' to 'GLfloat', possible loss of data
     1>c:\users\yung\documents\github\opengl-2d\2d project\main.cpp(902): warning C4244: 'argument' : conversion from 'double' to 'GLfloat', possible loss of data
     1>c:\users\yung\documents\github\opengl-2d\2d project\main.cpp(902): warning C4244: 'argument' : conversion from 'double' to 'GLfloat', possible loss of data
     1>c:\users\yung\documents\github\opengl-2d\2d project\main.cpp(903): warning C4244: 'argument' : conversion from 'double' to 'GLfloat', possible loss of data
     1>c:\users\yung\documents\github\opengl-2d\2d project\main.cpp(903): warning C4244: 'argument' : conversion from 'double' to 'GLfloat', possible loss of data
     1>c:\users\yung\documents\github\opengl-2d\2d project\main.cpp(904): warning C4244: 'argument' : conversion from 'double' to 'GLfloat', possible loss of data
     1>c:\users\yung\documents\github\opengl-2d\2d project\main.cpp(904): warning C4244: 'argument' : conversion from 'double' to 'GLfloat', possible loss of data
     1>c:\users\yung\documents\github\opengl-2d\2d project\main.cpp(905): warning C4244: 'argument' : conversion from 'double' to 'GLfloat', possible loss of data
     1>c:\users\yung\documents\github\opengl-2d\2d project\main.cpp(905): warning C4244: 'argument' : conversion from 'double' to 'GLfloat', possible loss of data
     1>c:\users\yung\documents\github\opengl-2d\2d project\main.cpp(913): warning C4244: 'argument' : conversion from 'double' to 'GLfloat', possible loss of data
     1>c:\users\yung\documents\github\opengl-2d\2d project\main.cpp(913): warning C4244: 'argument' : conversion from 'double' to 'GLfloat', possible loss of data
     1>c:\users\yung\documents\github\opengl-2d\2d project\main.cpp(914): warning C4244: 'argument' : conversion from 'double' to 'GLfloat', possible loss of data
     1>c:\users\yung\documents\github\opengl-2d\2d project\main.cpp(914): warning C4244: 'argument' : conversion from 'double' to 'GLfloat', possible loss of data
     1>c:\users\yung\documents\github\opengl-2d\2d project\main.cpp(915): warning C4244: 'argument' : conversion from 'double' to 'GLfloat', possible loss of data
     1>c:\users\yung\documents\github\opengl-2d\2d project\main.cpp(915): warning C4244: 'argument' : conversion from 'double' to 'GLfloat', possible loss of data
     1>c:\users\yung\documents\github\opengl-2d\2d project\main.cpp(916): warning C4244: 'argument' : conversion from 'double' to 'GLfloat', possible loss of data
     1>c:\users\yung\documents\github\opengl-2d\2d project\main.cpp(916): warning C4244: 'argument' : conversion from 'double' to 'GLfloat', possible loss of data
     1>c:\users\yung\documents\github\opengl-2d\2d project\main.cpp(938): warning C4244: 'argument' : conversion from 'double' to 'int', possible loss of data
     1>c:\users\yung\documents\github\opengl-2d\2d project\main.cpp(938): warning C4244: 'argument' : conversion from 'double' to 'int', possible loss of data
     1>c:\users\yung\documents\github\opengl-2d\2d project\main.cpp(938): warning C4244: 'argument' : conversion from 'double' to 'int', possible loss of data
     1>c:\users\yung\documents\github\opengl-2d\2d project\main.cpp(938): warning C4244: 'argument' : conversion from 'double' to 'int', possible loss of data
     1>c:\users\yung\documents\github\opengl-2d\2d project\main.cpp(948): warning C4244: 'argument' : conversion from 'double' to 'GLfloat', possible loss of data
     1>c:\users\yung\documents\github\opengl-2d\2d project\main.cpp(948): warning C4244: 'argument' : conversion from 'double' to 'GLfloat', possible loss of data
     1>c:\users\yung\documents\github\opengl-2d\2d project\main.cpp(949): warning C4244: 'argument' : conversion from 'double' to 'GLfloat', possible loss of data
     1>c:\users\yung\documents\github\opengl-2d\2d project\main.cpp(949): warning C4244: 'argument' : conversion from 'double' to 'GLfloat', possible loss of data
     1>c:\users\yung\documents\github\opengl-2d\2d project\main.cpp(950): warning C4244: 'argument' : conversion from 'double' to 'GLfloat', possible loss of data
     1>c:\users\yung\documents\github\opengl-2d\2d project\main.cpp(950): warning C4244: 'argument' : conversion from 'double' to 'GLfloat', possible loss of data
     1>c:\users\yung\documents\github\opengl-2d\2d project\main.cpp(951): warning C4244: 'argument' : conversion from 'double' to 'GLfloat', possible loss of data
     1>c:\users\yung\documents\github\opengl-2d\2d project\main.cpp(951): warning C4244: 'argument' : conversion from 'double' to 'GLfloat', possible loss of data
     1>c:\users\yung\documents\github\opengl-2d\2d project\main.cpp(952): warning C4244: 'argument' : conversion from 'double' to 'GLfloat', possible loss of data
     1>c:\users\yung\documents\github\opengl-2d\2d project\main.cpp(952): warning C4244: 'argument' : conversion from 'double' to 'GLfloat', possible loss of data
     1>c:\users\yung\documents\github\opengl-2d\2d project\main.cpp(957): warning C4244: 'argument' : conversion from 'double' to 'GLfloat', possible loss of data
     1>c:\users\yung\documents\github\opengl-2d\2d project\main.cpp(957): warning C4244: 'argument' : conversion from 'double' to 'GLfloat', possible loss of data
     1>c:\users\yung\documents\github\opengl-2d\2d project\main.cpp(958): warning C4244: 'argument' : conversion from 'double' to 'GLfloat', possible loss of data
     1>c:\users\yung\documents\github\opengl-2d\2d project\main.cpp(958): warning C4244: 'argument' : conversion from 'double' to 'GLfloat', possible loss of data
     1>c:\users\yung\documents\github\opengl-2d\2d project\main.cpp(959): warning C4244: 'argument' : conversion from 'double' to 'GLfloat', possible loss of data
     1>c:\users\yung\documents\github\opengl-2d\2d project\main.cpp(959): warning C4244: 'argument' : conversion from 'double' to 'GLfloat', possible loss of data
     1>c:\users\yung\documents\github\opengl-2d\2d project\main.cpp(960): warning C4244: 'argument' : conversion from 'double' to 'GLfloat', possible loss of data
     1>c:\users\yung\documents\github\opengl-2d\2d project\main.cpp(960): warning C4244: 'argument' : conversion from 'double' to 'GLfloat', possible loss of data
     1>c:\users\yung\documents\github\opengl-2d\2d project\main.cpp(961): warning C4244: 'argument' : conversion from 'double' to 'GLfloat', possible loss of data
     1>c:\users\yung\documents\github\opengl-2d\2d project\main.cpp(961): warning C4244: 'argument' : conversion from 'double' to 'GLfloat', possible loss of data
     1>c:\users\yung\documents\github\opengl-2d\2d project\main.cpp(966): warning C4244: 'argument' : conversion from 'double' to 'GLfloat', possible loss of data
     1>c:\users\yung\documents\github\opengl-2d\2d project\main.cpp(966): warning C4244: 'argument' : conversion from 'double' to 'GLfloat', possible loss of data
     1>c:\users\yung\documents\github\opengl-2d\2d project\main.cpp(967): warning C4244: 'argument' : conversion from 'double' to 'GLfloat', possible loss of data
     1>c:\users\yung\documents\github\opengl-2d\2d project\main.cpp(967): warning C4244: 'argument' : conversion from 'double' to 'GLfloat', possible loss of data
     1>c:\users\yung\documents\github\opengl-2d\2d project\main.cpp(968): warning C4244: 'argument' : conversion from 'double' to 'GLfloat', possible loss of data
     1>c:\users\yung\documents\github\opengl-2d\2d project\main.cpp(968): warning C4244: 'argument' : conversion from 'double' to 'GLfloat', possible loss of data
     1>c:\users\yung\documents\github\opengl-2d\2d project\main.cpp(969): warning C4244: 'argument' : conversion from 'double' to 'GLfloat', possible loss of data
     1>c:\users\yung\documents\github\opengl-2d\2d project\main.cpp(969): warning C4244: 'argument' : conversion from 'double' to 'GLfloat', possible loss of data
     1>c:\users\yung\documents\github\opengl-2d\2d project\main.cpp(970): warning C4244: 'argument' : conversion from 'double' to 'GLfloat', possible loss of data
     1>c:\users\yung\documents\github\opengl-2d\2d project\main.cpp(970): warning C4244: 'argument' : conversion from 'double' to 'GLfloat', possible loss of data
     1>c:\users\yung\documents\github\opengl-2d\2d project\main.cpp(975): warning C4244: 'argument' : conversion from 'double' to 'GLfloat', possible loss of data
     1>c:\users\yung\documents\github\opengl-2d\2d project\main.cpp(975): warning C4244: 'argument' : conversion from 'double' to 'GLfloat', possible loss of data
     1>c:\users\yung\documents\github\opengl-2d\2d project\main.cpp(976): warning C4244: 'argument' : conversion from 'double' to 'GLfloat', possible loss of data
     1>c:\users\yung\documents\github\opengl-2d\2d project\main.cpp(976): warning C4244: 'argument' : conversion from 'double' to 'GLfloat', possible loss of data
     1>c:\users\yung\documents\github\opengl-2d\2d project\main.cpp(977): warning C4244: 'argument' : conversion from 'double' to 'GLfloat', possible loss of data
     1>c:\users\yung\documents\github\opengl-2d\2d project\main.cpp(977): warning C4244: 'argument' : conversion from 'double' to 'GLfloat', possible loss of data
     1>c:\users\yung\documents\github\opengl-2d\2d project\main.cpp(978): warning C4244: 'argument' : conversion from 'double' to 'GLfloat', possible loss of data
     1>c:\users\yung\documents\github\opengl-2d\2d project\main.cpp(978): warning C4244: 'argument' : conversion from 'double' to 'GLfloat', possible loss of data
     1>c:\users\yung\documents\github\opengl-2d\2d project\main.cpp(986): warning C4244: 'argument' : conversion from 'double' to 'GLfloat', possible loss of data
     1>c:\users\yung\documents\github\opengl-2d\2d project\main.cpp(986): warning C4244: 'argument' : conversion from 'double' to 'GLfloat', possible loss of data
     1>c:\users\yung\documents\github\opengl-2d\2d project\main.cpp(987): warning C4244: 'argument' : conversion from 'double' to 'GLfloat', possible loss of data
     1>c:\users\yung\documents\github\opengl-2d\2d project\main.cpp(987): warning C4244: 'argument' : conversion from 'double' to 'GLfloat', possible loss of data
     1>c:\users\yung\documents\github\opengl-2d\2d project\main.cpp(988): warning C4244: 'argument' : conversion from 'double' to 'GLfloat', possible loss of data
     1>c:\users\yung\documents\github\opengl-2d\2d project\main.cpp(988): warning C4244: 'argument' : conversion from 'double' to 'GLfloat', possible loss of data
     1>c:\users\yung\documents\github\opengl-2d\2d project\main.cpp(989): warning C4244: 'argument' : conversion from 'double' to 'GLfloat', possible loss of data
     1>c:\users\yung\documents\github\opengl-2d\2d project\main.cpp(989): warning C4244: 'argument' : conversion from 'double' to 'GLfloat', possible loss of data
     1>c:\users\yung\documents\github\opengl-2d\2d project\main.cpp(1011): warning C4244: 'argument' : conversion from 'double' to 'int', possible loss of data
     1>c:\users\yung\documents\github\opengl-2d\2d project\main.cpp(1011): warning C4244: 'argument' : conversion from 'double' to 'int', possible loss of data
     1>c:\users\yung\documents\github\opengl-2d\2d project\main.cpp(1011): warning C4244: 'argument' : conversion from 'double' to 'int', possible loss of data
     1>c:\users\yung\documents\github\opengl-2d\2d project\main.cpp(1011): warning C4244: 'argument' : conversion from 'double' to 'int', possible loss of data
     1>c:\users\yung\documents\github\opengl-2d\2d project\main.cpp(1021): warning C4244: 'argument' : conversion from 'double' to 'GLfloat', possible loss of data
     1>c:\users\yung\documents\github\opengl-2d\2d project\main.cpp(1021): warning C4244: 'argument' : conversion from 'double' to 'GLfloat', possible loss of data
     1>c:\users\yung\documents\github\opengl-2d\2d project\main.cpp(1022): warning C4244: 'argument' : conversion from 'double' to 'GLfloat', possible loss of data
     1>c:\users\yung\documents\github\opengl-2d\2d project\main.cpp(1022): warning C4244: 'argument' : conversion from 'double' to 'GLfloat', possible loss of data
     1>c:\users\yung\documents\github\opengl-2d\2d project\main.cpp(1023): warning C4244: 'argument' : conversion from 'double' to 'GLfloat', possible loss of data
     1>c:\users\yung\documents\github\opengl-2d\2d project\main.cpp(1023): warning C4244: 'argument' : conversion from 'double' to 'GLfloat', possible loss of data
     1>c:\users\yung\documents\github\opengl-2d\2d project\main.cpp(1024): warning C4244: 'argument' : conversion from 'double' to 'GLfloat', possible loss of data
     1>c:\users\yung\documents\github\opengl-2d\2d project\main.cpp(1024): warning C4244: 'argument' : conversion from 'double' to 'GLfloat', possible loss of data
     1>c:\users\yung\documents\github\opengl-2d\2d project\main.cpp(1025): warning C4244: 'argument' : conversion from 'double' to 'GLfloat', possible loss of data
     1>c:\users\yung\documents\github\opengl-2d\2d project\main.cpp(1025): warning C4244: 'argument' : conversion from 'double' to 'GLfloat', possible loss of data
     1>c:\users\yung\documents\github\opengl-2d\2d project\main.cpp(1030): warning C4244: 'argument' : conversion from 'double' to 'GLfloat', possible loss of data
     1>c:\users\yung\documents\github\opengl-2d\2d project\main.cpp(1030): warning C4244: 'argument' : conversion from 'double' to 'GLfloat', possible loss of data
     1>c:\users\yung\documents\github\opengl-2d\2d project\main.cpp(1031): warning C4244: 'argument' : conversion from 'double' to 'GLfloat', possible loss of data
     1>c:\users\yung\documents\github\opengl-2d\2d project\main.cpp(1031): warning C4244: 'argument' : conversion from 'double' to 'GLfloat', possible loss of data
     1>c:\users\yung\documents\github\opengl-2d\2d project\main.cpp(1032): warning C4244: 'argument' : conversion from 'double' to 'GLfloat', possible loss of data
     1>c:\users\yung\documents\github\opengl-2d\2d project\main.cpp(1032): warning C4244: 'argument' : conversion from 'double' to 'GLfloat', possible loss of data
     1>c:\users\yung\documents\github\opengl-2d\2d project\main.cpp(1033): warning C4244: 'argument' : conversion from 'double' to 'GLfloat', possible loss of data
     1>c:\users\yung\documents\github\opengl-2d\2d project\main.cpp(1033): warning C4244: 'argument' : conversion from 'double' to 'GLfloat', possible loss of data
     1>c:\users\yung\documents\github\opengl-2d\2d project\main.cpp(1034): warning C4244: 'argument' : conversion from 'double' to 'GLfloat', possible loss of data
     1>c:\users\yung\documents\github\opengl-2d\2d project\main.cpp(1034): warning C4244: 'argument' : conversion from 'double' to 'GLfloat', possible loss of data
     1>c:\users\yung\documents\github\opengl-2d\2d project\main.cpp(1039): warning C4244: 'argument' : conversion from 'double' to 'GLfloat', possible loss of data
     1>c:\users\yung\documents\github\opengl-2d\2d project\main.cpp(1039): warning C4244: 'argument' : conversion from 'double' to 'GLfloat', possible loss of data
     1>c:\users\yung\documents\github\opengl-2d\2d project\main.cpp(1040): warning C4244: 'argument' : conversion from 'double' to 'GLfloat', possible loss of data
     1>c:\users\yung\documents\github\opengl-2d\2d project\main.cpp(1040): warning C4244: 'argument' : conversion from 'double' to 'GLfloat', possible loss of data
     1>c:\users\yung\documents\github\opengl-2d\2d project\main.cpp(1041): warning C4244: 'argument' : conversion from 'double' to 'GLfloat', possible loss of data
     1>c:\users\yung\documents\github\opengl-2d\2d project\main.cpp(1041): warning C4244: 'argument' : conversion from 'double' to 'GLfloat', possible loss of data
     1>c:\users\yung\documents\github\opengl-2d\2d project\main.cpp(1042): warning C4244: 'argument' : conversion from 'double' to 'GLfloat', possible loss of data
     1>c:\users\yung\documents\github\opengl-2d\2d project\main.cpp(1042): warning C4244: 'argument' : conversion from 'double' to 'GLfloat', possible loss of data
     1>c:\users\yung\documents\github\opengl-2d\2d project\main.cpp(1043): warning C4244: 'argument' : conversion from 'double' to 'GLfloat', possible loss of data
     1>c:\users\yung\documents\github\opengl-2d\2d project\main.cpp(1043): warning C4244: 'argument' : conversion from 'double' to 'GLfloat', possible loss of data
     1>c:\users\yung\documents\github\opengl-2d\2d project\main.cpp(1048): warning C4244: 'argument' : conversion from 'double' to 'GLfloat', possible loss of data
     1>c:\users\yung\documents\github\opengl-2d\2d project\main.cpp(1048): warning C4244: 'argument' : conversion from 'double' to 'GLfloat', possible loss of data
     1>c:\users\yung\documents\github\opengl-2d\2d project\main.cpp(1049): warning C4244: 'argument' : conversion from 'double' to 'GLfloat', possible loss of data
     1>c:\users\yung\documents\github\opengl-2d\2d project\main.cpp(1049): warning C4244: 'argument' : conversion from 'double' to 'GLfloat', possible loss of data
     1>c:\users\yung\documents\github\opengl-2d\2d project\main.cpp(1050): warning C4244: 'argument' : conversion from 'double' to 'GLfloat', possible loss of data
     1>c:\users\yung\documents\github\opengl-2d\2d project\main.cpp(1050): warning C4244: 'argument' : conversion from 'double' to 'GLfloat', possible loss of data
     1>c:\users\yung\documents\github\opengl-2d\2d project\main.cpp(1051): warning C4244: 'argument' : conversion from 'double' to 'GLfloat', possible loss of data
     1>c:\users\yung\documents\github\opengl-2d\2d project\main.cpp(1051): warning C4244: 'argument' : conversion from 'double' to 'GLfloat', possible loss of data
     1>c:\users\yung\documents\github\opengl-2d\2d project\main.cpp(1059): warning C4244: 'argument' : conversion from 'double' to 'GLfloat', possible loss of data
     1>c:\users\yung\documents\github\opengl-2d\2d project\main.cpp(1059): warning C4244: 'argument' : conversion from 'double' to 'GLfloat', possible loss of data
     1>c:\users\yung\documents\github\opengl-2d\2d project\main.cpp(1060): warning C4244: 'argument' : conversion from 'double' to 'GLfloat', possible loss of data
     1>c:\users\yung\documents\github\opengl-2d\2d project\main.cpp(1060): warning C4244: 'argument' : conversion from 'double' to 'GLfloat', possible loss of data
     1>c:\users\yung\documents\github\opengl-2d\2d project\main.cpp(1061): warning C4244: 'argument' : conversion from 'double' to 'GLfloat', possible loss of data
     1>c:\users\yung\documents\github\opengl-2d\2d project\main.cpp(1061): warning C4244: 'argument' : conversion from 'double' to 'GLfloat', possible loss of data
     1>c:\users\yung\documents\github\opengl-2d\2d project\main.cpp(1062): warning C4244: 'argument' : conversion from 'double' to 'GLfloat', possible loss of data
     1>c:\users\yung\documents\github\opengl-2d\2d project\main.cpp(1062): warning C4244: 'argument' : conversion from 'double' to 'GLfloat', possible loss of data
     1>c:\users\yung\documents\github\opengl-2d\2d project\main.cpp(1084): warning C4244: 'argument' : conversion from 'double' to 'int', possible loss of data
     1>c:\users\yung\documents\github\opengl-2d\2d project\main.cpp(1084): warning C4244: 'argument' : conversion from 'double' to 'int', possible loss of data
     1>c:\users\yung\documents\github\opengl-2d\2d project\main.cpp(1084): warning C4244: 'argument' : conversion from 'double' to 'int', possible loss of data
     1>c:\users\yung\documents\github\opengl-2d\2d project\main.cpp(1084): warning C4244: 'argument' : conversion from 'double' to 'int', possible loss of data
     1>c:\users\yung\documents\github\opengl-2d\2d project\main.cpp(1094): warning C4244: 'argument' : conversion from 'double' to 'GLfloat', possible loss of data
     1>c:\users\yung\documents\github\opengl-2d\2d project\main.cpp(1094): warning C4244: 'argument' : conversion from 'double' to 'GLfloat', possible loss of data
     1>c:\users\yung\documents\github\opengl-2d\2d project\main.cpp(1095): warning C4244: 'argument' : conversion from 'double' to 'GLfloat', possible loss of data
     1>c:\users\yung\documents\github\opengl-2d\2d project\main.cpp(1095): warning C4244: 'argument' : conversion from 'double' to 'GLfloat', possible loss of data
     1>c:\users\yung\documents\github\opengl-2d\2d project\main.cpp(1096): warning C4244: 'argument' : conversion from 'double' to 'GLfloat', possible loss of data
     1>c:\users\yung\documents\github\opengl-2d\2d project\main.cpp(1096): warning C4244: 'argument' : conversion from 'double' to 'GLfloat', possible loss of data
     1>c:\users\yung\documents\github\opengl-2d\2d project\main.cpp(1097): warning C4244: 'argument' : conversion from 'double' to 'GLfloat', possible loss of data
     1>c:\users\yung\documents\github\opengl-2d\2d project\main.cpp(1097): warning C4244: 'argument' : conversion from 'double' to 'GLfloat', possible loss of data
     1>c:\users\yung\documents\github\opengl-2d\2d project\main.cpp(1098): warning C4244: 'argument' : conversion from 'double' to 'GLfloat', possible loss of data
     1>c:\users\yung\documents\github\opengl-2d\2d project\main.cpp(1098): warning C4244: 'argument' : conversion from 'double' to 'GLfloat', possible loss of data
     1>c:\users\yung\documents\github\opengl-2d\2d project\main.cpp(1103): warning C4244: 'argument' : conversion from 'double' to 'GLfloat', possible loss of data
     1>c:\users\yung\documents\github\opengl-2d\2d project\main.cpp(1103): warning C4244: 'argument' : conversion from 'double' to 'GLfloat', possible loss of data
     1>c:\users\yung\documents\github\opengl-2d\2d project\main.cpp(1104): warning C4244: 'argument' : conversion from 'double' to 'GLfloat', possible loss of data
     1>c:\users\yung\documents\github\opengl-2d\2d project\main.cpp(1104): warning C4244: 'argument' : conversion from 'double' to 'GLfloat', possible loss of data
     1>c:\users\yung\documents\github\opengl-2d\2d project\main.cpp(1105): warning C4244: 'argument' : conversion from 'double' to 'GLfloat', possible loss of data
     1>c:\users\yung\documents\github\opengl-2d\2d project\main.cpp(1105): warning C4244: 'argument' : conversion from 'double' to 'GLfloat', possible loss of data
     1>c:\users\yung\documents\github\opengl-2d\2d project\main.cpp(1106): warning C4244: 'argument' : conversion from 'double' to 'GLfloat', possible loss of data
     1>c:\users\yung\documents\github\opengl-2d\2d project\main.cpp(1106): warning C4244: 'argument' : conversion from 'double' to 'GLfloat', possible loss of data
     1>c:\users\yung\documents\github\opengl-2d\2d project\main.cpp(1107): warning C4244: 'argument' : conversion from 'double' to 'GLfloat', possible loss of data
     1>c:\users\yung\documents\github\opengl-2d\2d project\main.cpp(1107): warning C4244: 'argument' : conversion from 'double' to 'GLfloat', possible loss of data
     1>c:\users\yung\documents\github\opengl-2d\2d project\main.cpp(1112): warning C4244: 'argument' : conversion from 'double' to 'GLfloat', possible loss of data
     1>c:\users\yung\documents\github\opengl-2d\2d project\main.cpp(1112): warning C4244: 'argument' : conversion from 'double' to 'GLfloat', possible loss of data
     1>c:\users\yung\documents\github\opengl-2d\2d project\main.cpp(1113): warning C4244: 'argument' : conversion from 'double' to 'GLfloat', possible loss of data
     1>c:\users\yung\documents\github\opengl-2d\2d project\main.cpp(1113): warning C4244: 'argument' : conversion from 'double' to 'GLfloat', possible loss of data
     1>c:\users\yung\documents\github\opengl-2d\2d project\main.cpp(1114): warning C4244: 'argument' : conversion from 'double' to 'GLfloat', possible loss of data
     1>c:\users\yung\documents\github\opengl-2d\2d project\main.cpp(1114): warning C4244: 'argument' : conversion from 'double' to 'GLfloat', possible loss of data
     1>c:\users\yung\documents\github\opengl-2d\2d project\main.cpp(1115): warning C4244: 'argument' : conversion from 'double' to 'GLfloat', possible loss of data
     1>c:\users\yung\documents\github\opengl-2d\2d project\main.cpp(1115): warning C4244: 'argument' : conversion from 'double' to 'GLfloat', possible loss of data
     1>c:\users\yung\documents\github\opengl-2d\2d project\main.cpp(1116): warning C4244: 'argument' : conversion from 'double' to 'GLfloat', possible loss of data
     1>c:\users\yung\documents\github\opengl-2d\2d project\main.cpp(1116): warning C4244: 'argument' : conversion from 'double' to 'GLfloat', possible loss of data
     1>c:\users\yung\documents\github\opengl-2d\2d project\main.cpp(1121): warning C4244: 'argument' : conversion from 'double' to 'GLfloat', possible loss of data
     1>c:\users\yung\documents\github\opengl-2d\2d project\main.cpp(1121): warning C4244: 'argument' : conversion from 'double' to 'GLfloat', possible loss of data
     1>c:\users\yung\documents\github\opengl-2d\2d project\main.cpp(1122): warning C4244: 'argument' : conversion from 'double' to 'GLfloat', possible loss of data
     1>c:\users\yung\documents\github\opengl-2d\2d project\main.cpp(1122): warning C4244: 'argument' : conversion from 'double' to 'GLfloat', possible loss of data
     1>c:\users\yung\documents\github\opengl-2d\2d project\main.cpp(1123): warning C4244: 'argument' : conversion from 'double' to 'GLfloat', possible loss of data
     1>c:\users\yung\documents\github\opengl-2d\2d project\main.cpp(1123): warning C4244: 'argument' : conversion from 'double' to 'GLfloat', possible loss of data
     1>c:\users\yung\documents\github\opengl-2d\2d project\main.cpp(1124): warning C4244: 'argument' : conversion from 'double' to 'GLfloat', possible loss of data
     1>c:\users\yung\documents\github\opengl-2d\2d project\main.cpp(1124): warning C4244: 'argument' : conversion from 'double' to 'GLfloat', possible loss of data
     1>c:\users\yung\documents\github\opengl-2d\2d project\main.cpp(1132): warning C4244: 'argument' : conversion from 'double' to 'GLfloat', possible loss of data
     1>c:\users\yung\documents\github\opengl-2d\2d project\main.cpp(1132): warning C4244: 'argument' : conversion from 'double' to 'GLfloat', possible loss of data
     1>c:\users\yung\documents\github\opengl-2d\2d project\main.cpp(1133): warning C4244: 'argument' : conversion from 'double' to 'GLfloat', possible loss of data
     1>c:\users\yung\documents\github\opengl-2d\2d project\main.cpp(1133): warning C4244: 'argument' : conversion from 'double' to 'GLfloat', possible loss of data
     1>c:\users\yung\documents\github\opengl-2d\2d project\main.cpp(1134): warning C4244: 'argument' : conversion from 'double' to 'GLfloat', possible loss of data
     1>c:\users\yung\documents\github\opengl-2d\2d project\main.cpp(1134): warning C4244: 'argument' : conversion from 'double' to 'GLfloat', possible loss of data
     1>c:\users\yung\documents\github\opengl-2d\2d project\main.cpp(1135): warning C4244: 'argument' : conversion from 'double' to 'GLfloat', possible loss of data
     1>c:\users\yung\documents\github\opengl-2d\2d project\main.cpp(1135): warning C4244: 'argument' : conversion from 'double' to 'GLfloat', possible loss of data
     1>c:\users\yung\documents\github\opengl-2d\2d project\main.cpp(1157): warning C4244: 'argument' : conversion from 'double' to 'int', possible loss of data
     1>c:\users\yung\documents\github\opengl-2d\2d project\main.cpp(1157): warning C4244: 'argument' : conversion from 'double' to 'int', possible loss of data
     1>c:\users\yung\documents\github\opengl-2d\2d project\main.cpp(1157): warning C4244: 'argument' : conversion from 'double' to 'int', possible loss of data
     1>c:\users\yung\documents\github\opengl-2d\2d project\main.cpp(1157): warning C4244: 'argument' : conversion from 'double' to 'int', possible loss of data
     1>c:\users\yung\documents\github\opengl-2d\2d project\main.cpp(1167): warning C4244: 'argument' : conversion from 'double' to 'GLfloat', possible loss of data
     1>c:\users\yung\documents\github\opengl-2d\2d project\main.cpp(1167): warning C4244: 'argument' : conversion from 'double' to 'GLfloat', possible loss of data
     1>c:\users\yung\documents\github\opengl-2d\2d project\main.cpp(1168): warning C4244: 'argument' : conversion from 'double' to 'GLfloat', possible loss of data
     1>c:\users\yung\documents\github\opengl-2d\2d project\main.cpp(1168): warning C4244: 'argument' : conversion from 'double' to 'GLfloat', possible loss of data
     1>c:\users\yung\documents\github\opengl-2d\2d project\main.cpp(1169): warning C4244: 'argument' : conversion from 'double' to 'GLfloat', possible loss of data
     1>c:\users\yung\documents\github\opengl-2d\2d project\main.cpp(1169): warning C4244: 'argument' : conversion from 'double' to 'GLfloat', possible loss of data
     1>c:\users\yung\documents\github\opengl-2d\2d project\main.cpp(1170): warning C4244: 'argument' : conversion from 'double' to 'GLfloat', possible loss of data
     1>c:\users\yung\documents\github\opengl-2d\2d project\main.cpp(1170): warning C4244: 'argument' : conversion from 'double' to 'GLfloat', possible loss of data
     1>c:\users\yung\documents\github\opengl-2d\2d project\main.cpp(1171): warning C4244: 'argument' : conversion from 'double' to 'GLfloat', possible loss of data
     1>c:\users\yung\documents\github\opengl-2d\2d project\main.cpp(1171): warning C4244: 'argument' : conversion from 'double' to 'GLfloat', possible loss of data
     1>c:\users\yung\documents\github\opengl-2d\2d project\main.cpp(1176): warning C4244: 'argument' : conversion from 'double' to 'GLfloat', possible loss of data
     1>c:\users\yung\documents\github\opengl-2d\2d project\main.cpp(1176): warning C4244: 'argument' : conversion from 'double' to 'GLfloat', possible loss of data
     1>c:\users\yung\documents\github\opengl-2d\2d project\main.cpp(1177): warning C4244: 'argument' : conversion from 'double' to 'GLfloat', possible loss of data
     1>c:\users\yung\documents\github\opengl-2d\2d project\main.cpp(1177): warning C4244: 'argument' : conversion from 'double' to 'GLfloat', possible loss of data
     1>c:\users\yung\documents\github\opengl-2d\2d project\main.cpp(1178): warning C4244: 'argument' : conversion from 'double' to 'GLfloat', possible loss of data
     1>c:\users\yung\documents\github\opengl-2d\2d project\main.cpp(1178): warning C4244: 'argument' : conversion from 'double' to 'GLfloat', possible loss of data
     1>c:\users\yung\documents\github\opengl-2d\2d project\main.cpp(1179): warning C4244: 'argument' : conversion from 'double' to 'GLfloat', possible loss of data
     1>c:\users\yung\documents\github\opengl-2d\2d project\main.cpp(1179): warning C4244: 'argument' : conversion from 'double' to 'GLfloat', possible loss of data
     1>c:\users\yung\documents\github\opengl-2d\2d project\main.cpp(1180): warning C4244: 'argument' : conversion from 'double' to 'GLfloat', possible loss of data
     1>c:\users\yung\documents\github\opengl-2d\2d project\main.cpp(1180): warning C4244: 'argument' : conversion from 'double' to 'GLfloat', possible loss of data
     1>c:\users\yung\documents\github\opengl-2d\2d project\main.cpp(1185): warning C4244: 'argument' : conversion from 'double' to 'GLfloat', possible loss of data
     1>c:\users\yung\documents\github\opengl-2d\2d project\main.cpp(1185): warning C4244: 'argument' : conversion from 'double' to 'GLfloat', possible loss of data
     1>c:\users\yung\documents\github\opengl-2d\2d project\main.cpp(1186): warning C4244: 'argument' : conversion from 'double' to 'GLfloat', possible loss of data
     1>c:\users\yung\documents\github\opengl-2d\2d project\main.cpp(1186): warning C4244: 'argument' : conversion from 'double' to 'GLfloat', possible loss of data
     1>c:\users\yung\documents\github\opengl-2d\2d project\main.cpp(1187): warning C4244: 'argument' : conversion from 'double' to 'GLfloat', possible loss of data
     1>c:\users\yung\documents\github\opengl-2d\2d project\main.cpp(1187): warning C4244: 'argument' : conversion from 'double' to 'GLfloat', possible loss of data
     1>c:\users\yung\documents\github\opengl-2d\2d project\main.cpp(1188): warning C4244: 'argument' : conversion from 'double' to 'GLfloat', possible loss of data
     1>c:\users\yung\documents\github\opengl-2d\2d project\main.cpp(1188): warning C4244: 'argument' : conversion from 'double' to 'GLfloat', possible loss of data
     1>c:\users\yung\documents\github\opengl-2d\2d project\main.cpp(1189): warning C4244: 'argument' : conversion from 'double' to 'GLfloat', possible loss of data
     1>c:\users\yung\documents\github\opengl-2d\2d project\main.cpp(1189): warning C4244: 'argument' : conversion from 'double' to 'GLfloat', possible loss of data
     1>c:\users\yung\documents\github\opengl-2d\2d project\main.cpp(1194): warning C4244: 'argument' : conversion from 'double' to 'GLfloat', possible loss of data
     1>c:\users\yung\documents\github\opengl-2d\2d project\main.cpp(1194): warning C4244: 'argument' : conversion from 'double' to 'GLfloat', possible loss of data
     1>c:\users\yung\documents\github\opengl-2d\2d project\main.cpp(1195): warning C4244: 'argument' : conversion from 'double' to 'GLfloat', possible loss of data
     1>c:\users\yung\documents\github\opengl-2d\2d project\main.cpp(1195): warning C4244: 'argument' : conversion from 'double' to 'GLfloat', possible loss of data
     1>c:\users\yung\documents\github\opengl-2d\2d project\main.cpp(1196): warning C4244: 'argument' : conversion from 'double' to 'GLfloat', possible loss of data
     1>c:\users\yung\documents\github\opengl-2d\2d project\main.cpp(1196): warning C4244: 'argument' : conversion from 'double' to 'GLfloat', possible loss of data
     1>c:\users\yung\documents\github\opengl-2d\2d project\main.cpp(1197): warning C4244: 'argument' : conversion from 'double' to 'GLfloat', possible loss of data
     1>c:\users\yung\documents\github\opengl-2d\2d project\main.cpp(1197): warning C4244: 'argument' : conversion from 'double' to 'GLfloat', possible loss of data
     1>c:\users\yung\documents\github\opengl-2d\2d project\main.cpp(1205): warning C4244: 'argument' : conversion from 'double' to 'GLfloat', possible loss of data
     1>c:\users\yung\documents\github\opengl-2d\2d project\main.cpp(1205): warning C4244: 'argument' : conversion from 'double' to 'GLfloat', possible loss of data
     1>c:\users\yung\documents\github\opengl-2d\2d project\main.cpp(1206): warning C4244: 'argument' : conversion from 'double' to 'GLfloat', possible loss of data
     1>c:\users\yung\documents\github\opengl-2d\2d project\main.cpp(1206): warning C4244: 'argument' : conversion from 'double' to 'GLfloat', possible loss of data
     1>c:\users\yung\documents\github\opengl-2d\2d project\main.cpp(1207): warning C4244: 'argument' : conversion from 'double' to 'GLfloat', possible loss of data
     1>c:\users\yung\documents\github\opengl-2d\2d project\main.cpp(1207): warning C4244: 'argument' : conversion from 'double' to 'GLfloat', possible loss of data
     1>c:\users\yung\documents\github\opengl-2d\2d project\main.cpp(1208): warning C4244: 'argument' : conversion from 'double' to 'GLfloat', possible loss of data
     1>c:\users\yung\documents\github\opengl-2d\2d project\main.cpp(1208): warning C4244: 'argument' : conversion from 'double' to 'GLfloat', possible loss of data
     1>c:\users\yung\documents\github\opengl-2d\2d project\main.cpp(1230): warning C4244: 'argument' : conversion from 'double' to 'int', possible loss of data
     1>c:\users\yung\documents\github\opengl-2d\2d project\main.cpp(1230): warning C4244: 'argument' : conversion from 'double' to 'int', possible loss of data
     1>c:\users\yung\documents\github\opengl-2d\2d project\main.cpp(1230): warning C4244: 'argument' : conversion from 'double' to 'int', possible loss of data
     1>c:\users\yung\documents\github\opengl-2d\2d project\main.cpp(1230): warning C4244: 'argument' : conversion from 'double' to 'int', possible loss of data
     1>c:\users\yung\documents\github\opengl-2d\2d project\main.cpp(1288): warning C4244: 'argument' : conversion from 'double' to 'GLint', possible loss of data
     1>c:\users\yung\documents\github\opengl-2d\2d project\main.cpp(1289): warning C4244: 'argument' : conversion from 'double' to 'GLint', possible loss of data
     1>c:\users\yung\documents\github\opengl-2d\2d project\main.cpp(1290): warning C4244: 'argument' : conversion from 'double' to 'GLint', possible loss of data
     1>c:\users\yung\documents\github\opengl-2d\2d project\main.cpp(1291): warning C4244: 'argument' : conversion from 'double' to 'GLint', possible loss of data
     1>c:\users\yung\documents\github\opengl-2d\2d project\main.cpp(1292): warning C4244: 'argument' : conversion from 'double' to 'GLint', possible loss of data
     1>c:\users\yung\documents\github\opengl-2d\2d project\main.cpp(1293): warning C4244: 'argument' : conversion from 'double' to 'GLint', possible loss of data
     1>c:\users\yung\documents\github\opengl-2d\2d project\main.cpp(1294): warning C4244: 'argument' : conversion from 'double' to 'GLint', possible loss of data
     1>c:\users\yung\documents\github\opengl-2d\2d project\main.cpp(1295): warning C4244: 'argument' : conversion from 'double' to 'GLint', possible loss of data
     1>c:\users\yung\documents\github\opengl-2d\2d project\main.cpp(1301): warning C4244: 'argument' : conversion from 'double' to 'GLint', possible loss of data
     1>c:\users\yung\documents\github\opengl-2d\2d project\main.cpp(1302): warning C4244: 'argument' : conversion from 'double' to 'GLint', possible loss of data
     1>c:\users\yung\documents\github\opengl-2d\2d project\main.cpp(1303): warning C4244: 'argument' : conversion from 'double' to 'GLint', possible loss of data
     1>c:\users\yung\documents\github\opengl-2d\2d project\main.cpp(1304): warning C4244: 'argument' : conversion from 'double' to 'GLint', possible loss of data
     1>c:\users\yung\documents\github\opengl-2d\2d project\main.cpp(1305): warning C4244: 'argument' : conversion from 'double' to 'GLint', possible loss of data
     1>c:\users\yung\documents\github\opengl-2d\2d project\main.cpp(1306): warning C4244: 'argument' : conversion from 'double' to 'GLint', possible loss of data
     1>c:\users\yung\documents\github\opengl-2d\2d project\main.cpp(1307): warning C4244: 'argument' : conversion from 'double' to 'GLint', possible loss of data
     1>c:\users\yung\documents\github\opengl-2d\2d project\main.cpp(1308): warning C4244: 'argument' : conversion from 'double' to 'GLint', possible loss of data
     1>c:\users\yung\documents\github\opengl-2d\2d project\main.cpp(1316): warning C4244: 'argument' : conversion from 'double' to 'GLfloat', possible loss of data
     1>c:\users\yung\documents\github\opengl-2d\2d project\main.cpp(1316): warning C4244: 'argument' : conversion from 'double' to 'GLfloat', possible loss of data
     1>c:\users\yung\documents\github\opengl-2d\2d project\main.cpp(1317): warning C4018: '<' : signed/unsigned mismatch
     1>c:\users\yung\documents\github\opengl-2d\2d project\main.cpp(1325): warning C4244: 'argument' : conversion from 'double' to 'GLfloat', possible loss of data
     1>c:\users\yung\documents\github\opengl-2d\2d project\main.cpp(1325): warning C4244: 'argument' : conversion from 'double' to 'GLfloat', possible loss of data
     1>c:\users\yung\documents\github\opengl-2d\2d project\main.cpp(1326): warning C4018: '<' : signed/unsigned mismatch
     1>c:\users\yung\documents\github\opengl-2d\2d project\main.cpp(1332): warning C4244: 'argument' : conversion from 'double' to 'GLfloat', possible loss of data
     1>c:\users\yung\documents\github\opengl-2d\2d project\main.cpp(1333): warning C4244: 'argument' : conversion from 'double' to 'GLfloat', possible loss of data
     1>c:\users\yung\documents\github\opengl-2d\2d project\main.cpp(1334): warning C4244: 'argument' : conversion from 'double' to 'GLfloat', possible loss of data
     1>c:\users\yung\documents\github\opengl-2d\2d project\main.cpp(1336): warning C4244: 'argument' : conversion from 'double' to 'GLfloat', possible loss of data
     1>c:\users\yung\documents\github\opengl-2d\2d project\main.cpp(1337): warning C4244: 'argument' : conversion from 'double' to 'GLfloat', possible loss of data
     1>c:\users\yung\documents\github\opengl-2d\2d project\main.cpp(1345): warning C4244: 'argument' : conversion from 'double' to 'GLfloat', possible loss of data
     1>c:\users\yung\documents\github\opengl-2d\2d project\main.cpp(1346): warning C4244: 'argument' : conversion from 'double' to 'GLfloat', possible loss of data
     1>c:\users\yung\documents\github\opengl-2d\2d project\main.cpp(1347): warning C4244: 'argument' : conversion from 'double' to 'GLfloat', possible loss of data
     1>c:\users\yung\documents\github\opengl-2d\2d project\main.cpp(1348): warning C4244: 'argument' : conversion from 'double' to 'GLfloat', possible loss of data
     1>c:\users\yung\documents\github\opengl-2d\2d project\main.cpp(1350): warning C4244: 'argument' : conversion from 'double' to 'GLfloat', possible loss of data
     1>c:\users\yung\documents\github\opengl-2d\2d project\main.cpp(1351): warning C4244: 'argument' : conversion from 'double' to 'GLfloat', possible loss of data
     1>c:\users\yung\documents\github\opengl-2d\2d project\main.cpp(1352): warning C4244: 'argument' : conversion from 'double' to 'GLfloat', possible loss of data
     1>c:\users\yung\documents\github\opengl-2d\2d project\main.cpp(1360): warning C4244: 'argument' : conversion from 'double' to 'GLfloat', possible loss of data
     1>c:\users\yung\documents\github\opengl-2d\2d project\main.cpp(1361): warning C4244: 'argument' : conversion from 'double' to 'GLfloat', possible loss of data
     1>c:\users\yung\documents\github\opengl-2d\2d project\main.cpp(1362): warning C4244: 'argument' : conversion from 'double' to 'GLfloat', possible loss of data
     1>c:\users\yung\documents\github\opengl-2d\2d project\main.cpp(1363): warning C4244: 'argument' : conversion from 'double' to 'GLfloat', possible loss of data
     1>c:\users\yung\documents\github\opengl-2d\2d project\main.cpp(1365): warning C4244: 'argument' : conversion from 'double' to 'GLfloat', possible loss of data
     1>c:\users\yung\documents\github\opengl-2d\2d project\main.cpp(1373): warning C4244: 'argument' : conversion from 'double' to 'GLfloat', possible loss of data
     1>c:\users\yung\documents\github\opengl-2d\2d project\main.cpp(1374): warning C4244: 'argument' : conversion from 'double' to 'GLfloat', possible loss of data
     1>c:\users\yung\documents\github\opengl-2d\2d project\main.cpp(1375): warning C4244: 'argument' : conversion from 'double' to 'GLfloat', possible loss of data
     1>c:\users\yung\documents\github\opengl-2d\2d project\main.cpp(1376): warning C4244: 'argument' : conversion from 'double' to 'GLfloat', possible loss of data
     1>c:\users\yung\documents\github\opengl-2d\2d project\main.cpp(1378): warning C4244: 'argument' : conversion from 'double' to 'GLfloat', possible loss of data
     1>c:\users\yung\documents\github\opengl-2d\2d project\main.cpp(1379): warning C4244: 'argument' : conversion from 'double' to 'GLfloat', possible loss of data
     1>c:\users\yung\documents\github\opengl-2d\2d project\main.cpp(1380): warning C4244: 'argument' : conversion from 'double' to 'GLfloat', possible loss of data
     1>c:\users\yung\documents\github\opengl-2d\2d project\main.cpp(1381): warning C4244: 'argument' : conversion from 'double' to 'GLfloat', possible loss of data
     1>c:\users\yung\documents\github\opengl-2d\2d project\main.cpp(1390): warning C4244: 'argument' : conversion from 'double' to 'GLfloat', possible loss of data
     1>c:\users\yung\documents\github\opengl-2d\2d project\main.cpp(1391): warning C4244: 'argument' : conversion from 'double' to 'GLfloat', possible loss of data
     1>c:\users\yung\documents\github\opengl-2d\2d project\main.cpp(1392): warning C4244: 'argument' : conversion from 'double' to 'GLfloat', possible loss of data
     1>c:\users\yung\documents\github\opengl-2d\2d project\main.cpp(1393): warning C4244: 'argument' : conversion from 'double' to 'GLfloat', possible loss of data
     1>c:\users\yung\documents\github\opengl-2d\2d project\main.cpp(1398): warning C4244: 'argument' : conversion from 'double' to 'GLfloat', possible loss of data
     1>c:\users\yung\documents\github\opengl-2d\2d project\main.cpp(1399): warning C4244: 'argument' : conversion from 'double' to 'GLfloat', possible loss of data
     1>c:\users\yung\documents\github\opengl-2d\2d project\main.cpp(1400): warning C4244: 'argument' : conversion from 'double' to 'GLfloat', possible loss of data
     1>c:\users\yung\documents\github\opengl-2d\2d project\main.cpp(1401): warning C4244: 'argument' : conversion from 'double' to 'GLfloat', possible loss of data
     1>c:\users\yung\documents\github\opengl-2d\2d project\main.cpp(1406): warning C4244: 'argument' : conversion from 'double' to 'GLfloat', possible loss of data
     1>c:\users\yung\documents\github\opengl-2d\2d project\main.cpp(1407): warning C4244: 'argument' : conversion from 'double' to 'GLfloat', possible loss of data
     1>c:\users\yung\documents\github\opengl-2d\2d project\main.cpp(1408): warning C4244: 'argument' : conversion from 'double' to 'GLfloat', possible loss of data
     1>c:\users\yung\documents\github\opengl-2d\2d project\main.cpp(1409): warning C4244: 'argument' : conversion from 'double' to 'GLfloat', possible loss of data
     1>c:\users\yung\documents\github\opengl-2d\2d project\main.cpp(1418): warning C4244: 'argument' : conversion from 'double' to 'GLfloat', possible loss of data
     1>c:\users\yung\documents\github\opengl-2d\2d project\main.cpp(1419): warning C4244: 'argument' : conversion from 'double' to 'GLfloat', possible loss of data
     1>c:\users\yung\documents\github\opengl-2d\2d project\main.cpp(1420): warning C4244: 'argument' : conversion from 'double' to 'GLfloat', possible loss of data
     1>c:\users\yung\documents\github\opengl-2d\2d project\main.cpp(1421): warning C4244: 'argument' : conversion from 'double' to 'GLfloat', possible loss of data
     1>c:\users\yung\documents\github\opengl-2d\2d project\main.cpp(1426): warning C4244: 'argument' : conversion from 'double' to 'GLfloat', possible loss of data
     1>c:\users\yung\documents\github\opengl-2d\2d project\main.cpp(1427): warning C4244: 'argument' : conversion from 'double' to 'GLfloat', possible loss of data
     1>c:\users\yung\documents\github\opengl-2d\2d project\main.cpp(1428): warning C4244: 'argument' : conversion from 'double' to 'GLfloat', possible loss of data
     1>c:\users\yung\documents\github\opengl-2d\2d project\main.cpp(1429): warning C4244: 'argument' : conversion from 'double' to 'GLfloat', possible loss of data
     1>c:\users\yung\documents\github\opengl-2d\2d project\main.cpp(1436): warning C4244: 'argument' : conversion from 'double' to 'GLfloat', possible loss of data
     1>c:\users\yung\documents\github\opengl-2d\2d project\main.cpp(1437): warning C4244: 'argument' : conversion from 'double' to 'GLfloat', possible loss of data
     1>c:\users\yung\documents\github\opengl-2d\2d project\main.cpp(1438): warning C4244: 'argument' : conversion from 'double' to 'GLfloat', possible loss of data
     1>c:\users\yung\documents\github\opengl-2d\2d project\main.cpp(1439): warning C4244: 'argument' : conversion from 'double' to 'GLfloat', possible loss of data
     1>c:\users\yung\documents\github\opengl-2d\2d project\main.cpp(1441): warning C4244: 'argument' : conversion from 'double' to 'GLfloat', possible loss of data
     1>c:\users\yung\documents\github\opengl-2d\2d project\main.cpp(1442): warning C4244: 'argument' : conversion from 'double' to 'GLfloat', possible loss of data
     1>c:\users\yung\documents\github\opengl-2d\2d project\main.cpp(1443): warning C4244: 'argument' : conversion from 'double' to 'GLfloat', possible loss of data
       Link:
         C:\Program Files (x86)\Microsoft Visual Studio 10.0\VC\bin\link.exe /ERRORREPORT:PROMPT /OUT:"C:\Users\Yung\Documents\GitHub\openGL-2D\Debug\2D Project.exe" /NOLOGO /LIBPATH:"C:\Program Files\Common Files\MSVC\freeglut\lib" freeglut.lib kernel32.lib user32.lib gdi32.lib winspool.lib comdlg32.lib advapi32.lib shell32.lib ole32.lib oleaut32.lib uuid.lib odbc32.lib odbccp32.lib /MANIFEST /ManifestFile:"Debug\2D Project.exe.intermediate.manifest" /MANIFESTUAC:"level='asInvoker' uiAccess='false'" /DEBUG /PDB:"C:\Users\Yung\Documents\GitHub\openGL-2D\Debug\2D Project.pdb" /TLBID:1 /DYNAMICBASE /NXCOMPAT /IMPLIB:"C:\Users\Yung\Documents\GitHub\openGL-2D\Debug\2D Project.lib" /MACHINE:X86 Debug\main.obj
         LINK : C:\Users\Yung\Documents\GitHub\openGL-2D\Debug\2D Project.exe not found or not built by the last incremental link; performing full link
         2D Project.vcxproj -> C:\Users\Yung\Documents\GitHub\openGL-2D\Debug\2D Project.exe
       Manifest:
         C:\Program Files (x86)\Microsoft SDKs\Windows\v7.0A\bin\mt.exe /nologo /verbose /outputresource:"C:\Users\Yung\Documents\GitHub\openGL-2D\Debug\2D Project.exe;#1" /manifest "Debug\2D Project.exe.intermediate.manifest"
       FinalizeBuildStatus:
         Deleting file "Debug\2D Project.unsuccessfulbuild".
         Touching "Debug\2D Project.lastbuildstate".
     1>Done Building Project "C:\Users\Yung\Documents\GitHub\openGL-2D\2D Project\2D Project.vcxproj" (build target(s)).

Build succeeded.

Time Elapsed 00:00:04.87
